0 info it worked if it ends with ok
1 verbose cli [ '/home/student/.nvm/versions/node/v6.11.3/bin/node',
1 verbose cli   '/home/student/.nvm/versions/node/v6.11.3/bin/npm',
1 verbose cli   'start' ]
2 info using npm@3.10.10
3 info using node@v6.11.3
4 verbose run-script [ 'prestart', 'start', 'poststart' ]
5 info lifecycle boilerplate-knex@0.1.2~prestart: boilerplate-knex@0.1.2
6 silly lifecycle boilerplate-knex@0.1.2~prestart: no script for prestart, continuing
7 info lifecycle boilerplate-knex@0.1.2~start: boilerplate-knex@0.1.2
8 verbose lifecycle boilerplate-knex@0.1.2~start: unsafe-perm in lifecycle true
9 verbose lifecycle boilerplate-knex@0.1.2~start: PATH: /home/student/.nvm/versions/node/v6.11.3/lib/node_modules/npm/bin/node-gyp-bin:/home/student/workspace/sat-4-boys/node_modules/.bin:/home/student/.nvm/versions/node/v6.11.3/bin:/home/student/bin:/home/student/.local/bin:/usr/local/sbin:/usr/local/bin:/usr/sbin:/usr/bin:/sbin:/bin:/usr/games:/usr/local/games:/snap/bin
10 verbose lifecycle boilerplate-knex@0.1.2~start: CWD: /home/student/workspace/sat-4-boys
11 silly lifecycle boilerplate-knex@0.1.2~start: Args: [ '-c', 'node index' ]
12 silly lifecycle boilerplate-knex@0.1.2~start: Returned: code: 1  signal: null
13 info lifecycle boilerplate-knex@0.1.2~start: Failed to exec start script
14 verbose stack Error: boilerplate-knex@0.1.2 start: `node index`
14 verbose stack Exit status 1
14 verbose stack     at EventEmitter.<anonymous> (/home/student/.nvm/versions/node/v6.11.3/lib/node_modules/npm/lib/utils/lifecycle.js:255:16)
14 verbose stack     at emitTwo (events.js:106:13)
14 verbose stack     at EventEmitter.emit (events.js:191:7)
14 verbose stack     at ChildProcess.<anonymous> (/home/student/.nvm/versions/node/v6.11.3/lib/node_modules/npm/lib/utils/spawn.js:40:14)
14 verbose stack     at emitTwo (events.js:106:13)
14 verbose stack     at ChildProcess.emit (events.js:191:7)
14 verbose stack     at maybeClose (internal/child_process.js:920:16)
14 verbose stack     at Process.ChildProcess._handle.onexit (internal/child_process.js:230:5)
15 verbose pkgid boilerplate-knex@0.1.2
16 verbose cwd /home/student/workspace/sat-4-boys
17 error Linux 4.4.0-93-generic
18 error argv "/home/student/.nvm/versions/node/v6.11.3/bin/node" "/home/student/.nvm/versions/node/v6.11.3/bin/npm" "start"
19 error node v6.11.3
20 error npm  v3.10.10
21 error code ELIFECYCLE
22 error boilerplate-knex@0.1.2 start: `node index`
22 error Exit status 1
23 error Failed at the boilerplate-knex@0.1.2 start script 'node index'.
23 error Make sure you have the latest version of node.js and npm installed.
23 error If you do, this is most likely a problem with the boilerplate-knex package,
23 error not with npm itself.
23 error Tell the author that this fails on your system:
23 error     node index
23 error You can get information on how to open an issue for this project with:
23 error     npm bugs boilerplate-knex
23 error Or if that isn't available, you can get their info via:
23 error     npm owner ls boilerplate-knex
23 error There is likely additional logging output above.
24 verbose exit [ 1, true ]
